# JRE version: Java(TM) SE Runtime Environment (8.0_152-b16) (build 1.8.0_152-b16)
# Java VM: Java HotSpot(TM) 64-Bit Server VM (25.152-b16 mixed mode windows-amd64 compressed oops)
Heap:
 PSYoungGen      total 140800K, used 98634K [0x00000000f5580000, 0x0000000100000000, 0x0000000100000000)
  eden space 109056K, 69% used [0x00000000f5580000,0x00000000f9fe91b0,0x00000000fc000000)
  from space 31744K, 70% used [0x00000000fe100000,0x00000000ff6e96e0,0x0000000100000000)
  to   space 32768K, 0% used [0x00000000fc000000,0x00000000fc000000,0x00000000fe000000)
 ParOldGen       total 325632K, used 41843K [0x00000000e0000000, 0x00000000f3e00000, 0x00000000f5580000)
  object space 325632K, 12% used [0x00000000e0000000,0x00000000e28dce48,0x00000000f3e00000)
 Metaspace       used 130031K, capacity 139356K, committed 139648K, reserved 1167360K
  class space    used 19318K, capacity 20841K, committed 20864K, reserved 1048576K
GC Heap History (10 events):
Event: 44.768 GC heap before
{Heap before GC invocations=48 (full 4):
 PSYoungGen      total 143360K, used 142872K [0x00000000f5580000, 0x0000000100000000, 0x0000000100000000)
  eden space 121344K, 100% used [0x00000000f5580000,0x00000000fcc00000,0x00000000fcc00000)
  from space 22016K, 97% used [0x00000000fcc00000,0x00000000fe106180,0x00000000fe180000)
  to   space 28160K, 0% used [0x00000000fe480000,0x00000000fe480000,0x0000000100000000)
 ParOldGen       total 325632K, used 39651K [0x00000000e0000000, 0x00000000f3e00000, 0x00000000f5580000)
  object space 325632K, 12% used [0x00000000e0000000,0x00000000e26b8ef8,0x00000000f3e00000)
 Metaspace       used 122821K, capacity 131950K, committed 132096K, reserved 1161216K
  class space    used 18427K, capacity 19930K, committed 19968K, reserved 1048576K
Event: 44.783 GC heap after
Heap after GC invocations=48 (full 4):
 PSYoungGen      total 144384K, used 21432K [0x00000000f5580000, 0x0000000100000000, 0x0000000100000000)
  eden space 116224K, 0% used [0x00000000f5580000,0x00000000f5580000,0x00000000fc700000)
  from space 28160K, 76% used [0x00000000fe480000,0x00000000ff96e160,0x0000000100000000)
  to   space 29184K, 0% used [0x00000000fc700000,0x00000000fc700000,0x00000000fe380000)
 ParOldGen       total 325632K, used 39659K [0x00000000e0000000, 0x00000000f3e00000, 0x00000000f5580000)
  object space 325632K, 12% used [0x00000000e0000000,0x00000000e26baef8,0x00000000f3e00000)
 Metaspace       used 122821K, capacity 131950K, committed 132096K, reserved 1161216K
  class space    used 18427K, capacity 19930K, committed 19968K, reserved 1048576K
}
Event: 45.245 GC heap before
{Heap before GC invocations=49 (full 4):
 PSYoungGen      total 144384K, used 137656K [0x00000000f5580000, 0x0000000100000000, 0x0000000100000000)
  eden space 116224K, 100% used [0x00000000f5580000,0x00000000fc700000,0x00000000fc700000)
  from space 28160K, 76% used [0x00000000fe480000,0x00000000ff96e160,0x0000000100000000)
  to   space 29184K, 0% used [0x00000000fc700000,0x00000000fc700000,0x00000000fe380000)
 ParOldGen       total 325632K, used 39659K [0x00000000e0000000, 0x00000000f3e00000, 0x00000000f5580000)
  object space 325632K, 12% used [0x00000000e0000000,0x00000000e26baef8,0x00000000f3e00000)
 Metaspace       used 123038K, capacity 132208K, committed 132352K, reserved 1161216K
  class space    used 18444K, capacity 19951K, committed 19968K, reserved 1048576K
Event: 45.254 GC heap after
Heap after GC invocations=49 (full 4):
 PSYoungGen      total 138240K, used 21864K [0x00000000f5580000, 0x0000000100000000, 0x0000000100000000)
  eden space 116224K, 0% used [0x00000000f5580000,0x00000000f5580000,0x00000000fc700000)
  from space 22016K, 99% used [0x00000000fc700000,0x00000000fdc5a170,0x00000000fdc80000)
  to   space 30720K, 0% used [0x00000000fe200000,0x00000000fe200000,0x0000000100000000)
 ParOldGen       total 325632K, used 39667K [0x00000000e0000000, 0x00000000f3e00000, 0x00000000f5580000)
  object space 325632K, 12% used [0x00000000e0000000,0x00000000e26bcef8,0x00000000f3e00000)
 Metaspace       used 123038K, capacity 132208K, committed 132352K, reserved 1161216K
  class space    used 18444K, capacity 19951K, committed 19968K, reserved 1048576K
}
Event: 45.591 GC heap before
{Heap before GC invocations=50 (full 4):
 PSYoungGen      total 138240K, used 138088K [0x00000000f5580000, 0x0000000100000000, 0x0000000100000000)
  eden space 116224K, 100% used [0x00000000f5580000,0x00000000fc700000,0x00000000fc700000)
  from space 22016K, 99% used [0x00000000fc700000,0x00000000fdc5a170,0x00000000fdc80000)
  to   space 30720K, 0% used [0x00000000fe200000,0x00000000fe200000,0x0000000100000000)
 ParOldGen       total 325632K, used 39667K [0x00000000e0000000, 0x00000000f3e00000, 0x00000000f5580000)
  object space 325632K, 12% used [0x00000000e0000000,0x00000000e26bcef8,0x00000000f3e00000)
 Metaspace       used 123217K, capacity 132448K, committed 132736K, reserved 1161216K
  class space    used 18458K, capacity 19969K, committed 20096K, reserved 1048576K
Event: 45.601 GC heap after
Heap after GC invocations=50 (full 4):
 PSYoungGen      total 142848K, used 21830K [0x00000000f5580000, 0x0000000100000000, 0x0000000100000000)
  eden space 112128K, 0% used [0x00000000f5580000,0x00000000f5580000,0x00000000fc300000)
  from space 30720K, 71% used [0x00000000fe200000,0x00000000ff751aa8,0x0000000100000000)
  to   space 31232K, 0% used [0x00000000fc300000,0x00000000fc300000,0x00000000fe180000)
 ParOldGen       total 325632K, used 39675K [0x00000000e0000000, 0x00000000f3e00000, 0x00000000f5580000)
  object space 325632K, 12% used [0x00000000e0000000,0x00000000e26beef8,0x00000000f3e00000)
 Metaspace       used 123217K, capacity 132448K, committed 132736K, reserved 1161216K
  class space    used 18458K, capacity 19969K, committed 20096K, reserved 1048576K
}
Event: 45.892 GC heap before
{Heap before GC invocations=51 (full 4):
 PSYoungGen      total 142848K, used 133958K [0x00000000f5580000, 0x0000000100000000, 0x0000000100000000)
  eden space 112128K, 100% used [0x00000000f5580000,0x00000000fc300000,0x00000000fc300000)
  from space 30720K, 71% used [0x00000000fe200000,0x00000000ff751aa8,0x0000000100000000)
  to   space 31232K, 0% used [0x00000000fc300000,0x00000000fc300000,0x00000000fe180000)
 ParOldGen       total 325632K, used 39675K [0x00000000e0000000, 0x00000000f3e00000, 0x00000000f5580000)
  object space 325632K, 12% used [0x00000000e0000000,0x00000000e26beef8,0x00000000f3e00000)
 Metaspace       used 123362K, capacity 132590K, committed 132736K, reserved 1161216K
  class space    used 18466K, capacity 19982K, committed 20096K, reserved 1048576K
Event: 45.902 GC heap after
Heap after GC invocations=51 (full 4):
 PSYoungGen      total 134656K, used 22022K [0x00000000f5580000, 0x0000000100000000, 0x0000000100000000)
  eden space 112128K, 0% used [0x00000000f5580000,0x00000000f5580000,0x00000000fc300000)
  from space 22528K, 97% used [0x00000000fc300000,0x00000000fd881aa8,0x00000000fd900000)
  to   space 31744K, 0% used [0x00000000fe100000,0x00000000fe100000,0x0000000100000000)
 ParOldGen       total 325632K, used 39683K [0x00000000e0000000, 0x00000000f3e00000, 0x00000000f5580000)
  object space 325632K, 12% used [0x00000000e0000000,0x00000000e26c0ef8,0x00000000f3e00000)
 Metaspace       used 123362K, capacity 132590K, committed 132736K, reserved 1161216K
  class space    used 18466K, capacity 19982K, committed 20096K, reserved 1048576K
}
Event: 46.384 GC heap before
{Heap before GC invocations=52 (full 4):
 PSYoungGen      total 134656K, used 134150K [0x00000000f5580000, 0x0000000100000000, 0x0000000100000000)
  eden space 112128K, 100% used [0x00000000f5580000,0x00000000fc300000,0x00000000fc300000)
  from space 22528K, 97% used [0x00000000fc300000,0x00000000fd881aa8,0x00000000fd900000)
  to   space 31744K, 0% used [0x00000000fe100000,0x00000000fe100000,0x0000000100000000)
 ParOldGen       total 325632K, used 39683K [0x00000000e0000000, 0x00000000f3e00000, 0x00000000f5580000)
  object space 325632K, 12% used [0x00000000e0000000,0x00000000e26c0ef8,0x00000000f3e00000)
 Metaspace       used 126025K, capacity 135286K, committed 135552K, reserved 1165312K
  class space    used 18740K, capacity 20254K, committed 20352K, reserved 1048576K
Event: 46.393 GC heap after
Heap after GC invocations=52 (full 4):
 PSYoungGen      total 140800K, used 22437K [0x00000000f5580000, 0x0000000100000000, 0x0000000100000000)
  eden space 109056K, 0% used [0x00000000f5580000,0x00000000f5580000,0x00000000fc000000)
  from space 31744K, 70% used [0x00000000fe100000,0x00000000ff6e96e0,0x0000000100000000)
  to   space 32768K, 0% used [0x00000000fc000000,0x00000000fc000000,0x00000000fe000000)
 ParOldGen       total 325632K, used 41843K [0x00000000e0000000, 0x00000000f3e00000, 0x00000000f5580000)
  object space 325632K, 12% used [0x00000000e0000000,0x00000000e28dce48,0x00000000f3e00000)
 Metaspace       used 126025K, capacity 135286K, committed 135552K, reserved 1165312K
  class space    used 18740K, capacity 20254K, committed 20352K, reserved 1048576K
}

