# JRE version: Java(TM) SE Runtime Environment (8.0_152-b16) (build 1.8.0_152-b16)
# Java VM: Java HotSpot(TM) 64-Bit Server VM (25.152-b16 mixed mode windows-amd64 compressed oops)
Heap:
 PSYoungGen      total 136704K, used 108797K [0x00000000f5580000, 0x0000000100000000, 0x0000000100000000)
  eden space 125952K, 83% used [0x00000000f5580000,0x00000000fbb9c4f0,0x00000000fd080000)
  from space 10752K, 39% used [0x00000000fd080000,0x00000000fd4a32b0,0x00000000fdb00000)
  to   space 11776K, 0% used [0x00000000ff480000,0x00000000ff480000,0x0000000100000000)
 ParOldGen       total 77824K, used 8194K [0x00000000e0000000, 0x00000000e4c00000, 0x00000000f5580000)
  object space 77824K, 10% used [0x00000000e0000000,0x00000000e08008c8,0x00000000e4c00000)
 Metaspace       used 31432K, capacity 33088K, committed 33152K, reserved 1077248K
  class space    used 4664K, capacity 4990K, committed 4992K, reserved 1048576K
GC Heap History (10 events):
Event: 3.756 GC heap before
{Heap before GC invocations=2 (full 0):
 PSYoungGen      total 75776K, used 73404K [0x00000000f5580000, 0x00000000faa00000, 0x0000000100000000)
  eden space 65024K, 100% used [0x00000000f5580000,0x00000000f9500000,0x00000000f9500000)
  from space 10752K, 77% used [0x00000000f9500000,0x00000000f9d2f340,0x00000000f9f80000)
  to   space 10752K, 0% used [0x00000000f9f80000,0x00000000f9f80000,0x00000000faa00000)
 ParOldGen       total 173568K, used 16K [0x00000000e0000000, 0x00000000ea980000, 0x00000000f5580000)
  object space 173568K, 0% used [0x00000000e0000000,0x00000000e0004000,0x00000000ea980000)
 Metaspace       used 18056K, capacity 19316K, committed 19328K, reserved 1067008K
  class space    used 2432K, capacity 2688K, committed 2688K, reserved 1048576K
Event: 3.764 GC heap after
Heap after GC invocations=2 (full 0):
 PSYoungGen      total 75776K, used 10298K [0x00000000f5580000, 0x00000000faa00000, 0x0000000100000000)
  eden space 65024K, 0% used [0x00000000f5580000,0x00000000f5580000,0x00000000f9500000)
  from space 10752K, 95% used [0x00000000f9f80000,0x00000000fa98e8c8,0x00000000faa00000)
  to   space 10752K, 0% used [0x00000000f9500000,0x00000000f9500000,0x00000000f9f80000)
 ParOldGen       total 173568K, used 32K [0x00000000e0000000, 0x00000000ea980000, 0x00000000f5580000)
  object space 173568K, 0% used [0x00000000e0000000,0x00000000e0008000,0x00000000ea980000)
 Metaspace       used 18056K, capacity 19316K, committed 19328K, reserved 1067008K
  class space    used 2432K, capacity 2688K, committed 2688K, reserved 1048576K
}
Event: 3.998 GC heap before
{Heap before GC invocations=3 (full 0):
 PSYoungGen      total 75776K, used 20691K [0x00000000f5580000, 0x00000000faa00000, 0x0000000100000000)
  eden space 65024K, 15% used [0x00000000f5580000,0x00000000f5fa65a8,0x00000000f9500000)
  from space 10752K, 95% used [0x00000000f9f80000,0x00000000fa98e8c8,0x00000000faa00000)
  to   space 10752K, 0% used [0x00000000f9500000,0x00000000f9500000,0x00000000f9f80000)
 ParOldGen       total 173568K, used 32K [0x00000000e0000000, 0x00000000ea980000, 0x00000000f5580000)
  object space 173568K, 0% used [0x00000000e0000000,0x00000000e0008000,0x00000000ea980000)
 Metaspace       used 20004K, capacity 21254K, committed 21296K, reserved 1067008K
  class space    used 2665K, capacity 2921K, committed 2944K, reserved 1048576K
Event: 4.284 GC heap after
Heap after GC invocations=3 (full 0):
 PSYoungGen      total 75776K, used 8268K [0x00000000f5580000, 0x00000000fe980000, 0x0000000100000000)
  eden space 65024K, 0% used [0x00000000f5580000,0x00000000f5580000,0x00000000f9500000)
  from space 10752K, 76% used [0x00000000f9500000,0x00000000f9d13120,0x00000000f9f80000)
  to   space 10752K, 0% used [0x00000000fdf00000,0x00000000fdf00000,0x00000000fe980000)
 ParOldGen       total 173568K, used 40K [0x00000000e0000000, 0x00000000ea980000, 0x00000000f5580000)
  object space 173568K, 0% used [0x00000000e0000000,0x00000000e000a000,0x00000000ea980000)
 Metaspace       used 20004K, capacity 21254K, committed 21296K, reserved 1067008K
  class space    used 2665K, capacity 2921K, committed 2944K, reserved 1048576K
}
Event: 4.284 GC heap before
{Heap before GC invocations=4 (full 1):
 PSYoungGen      total 75776K, used 8268K [0x00000000f5580000, 0x00000000fe980000, 0x0000000100000000)
  eden space 65024K, 0% used [0x00000000f5580000,0x00000000f5580000,0x00000000f9500000)
  from space 10752K, 76% used [0x00000000f9500000,0x00000000f9d13120,0x00000000f9f80000)
  to   space 10752K, 0% used [0x00000000fdf00000,0x00000000fdf00000,0x00000000fe980000)
 ParOldGen       total 173568K, used 40K [0x00000000e0000000, 0x00000000ea980000, 0x00000000f5580000)
  object space 173568K, 0% used [0x00000000e0000000,0x00000000e000a000,0x00000000ea980000)
 Metaspace       used 20004K, capacity 21254K, committed 21296K, reserved 1067008K
  class space    used 2665K, capacity 2921K, committed 2944K, reserved 1048576K
Event: 4.333 GC heap after
Heap after GC invocations=4 (full 1):
 PSYoungGen      total 75776K, used 0K [0x00000000f5580000, 0x00000000fe980000, 0x0000000100000000)
  eden space 65024K, 0% used [0x00000000f5580000,0x00000000f5580000,0x00000000f9500000)
  from space 10752K, 0% used [0x00000000f9500000,0x00000000f9500000,0x00000000f9f80000)
  to   space 10752K, 0% used [0x00000000fdf00000,0x00000000fdf00000,0x00000000fe980000)
 ParOldGen       total 77824K, used 8178K [0x00000000e0000000, 0x00000000e4c00000, 0x00000000f5580000)
  object space 77824K, 10% used [0x00000000e0000000,0x00000000e07fc8c8,0x00000000e4c00000)
 Metaspace       used 20004K, capacity 21254K, committed 21296K, reserved 1067008K
  class space    used 2665K, capacity 2921K, committed 2944K, reserved 1048576K
}
Event: 5.404 GC heap before
{Heap before GC invocations=5 (full 1):
 PSYoungGen      total 75776K, used 65024K [0x00000000f5580000, 0x00000000fe980000, 0x0000000100000000)
  eden space 65024K, 100% used [0x00000000f5580000,0x00000000f9500000,0x00000000f9500000)
  from space 10752K, 0% used [0x00000000f9500000,0x00000000f9500000,0x00000000f9f80000)
  to   space 10752K, 0% used [0x00000000fdf00000,0x00000000fdf00000,0x00000000fe980000)
 ParOldGen       total 77824K, used 8178K [0x00000000e0000000, 0x00000000e4c00000, 0x00000000f5580000)
  object space 77824K, 10% used [0x00000000e0000000,0x00000000e07fc8c8,0x00000000e4c00000)
 Metaspace       used 26301K, capacity 27650K, committed 27904K, reserved 1073152K
  class space    used 3762K, capacity 4053K, committed 4096K, reserved 1048576K
Event: 5.436 GC heap after
Heap after GC invocations=5 (full 1):
 PSYoungGen      total 132096K, used 6644K [0x00000000f5580000, 0x00000000fe580000, 0x0000000100000000)
  eden space 125440K, 0% used [0x00000000f5580000,0x00000000f5580000,0x00000000fd000000)
  from space 6656K, 99% used [0x00000000fdf00000,0x00000000fe57d040,0x00000000fe580000)
  to   space 10752K, 0% used [0x00000000fd080000,0x00000000fd080000,0x00000000fdb00000)
 ParOldGen       total 77824K, used 8186K [0x00000000e0000000, 0x00000000e4c00000, 0x00000000f5580000)
  object space 77824K, 10% used [0x00000000e0000000,0x00000000e07fe8c8,0x00000000e4c00000)
 Metaspace       used 26301K, capacity 27650K, committed 27904K, reserved 1073152K
  class space    used 3762K, capacity 4053K, committed 4096K, reserved 1048576K
}
Event: 6.625 GC heap before
{Heap before GC invocations=6 (full 1):
 PSYoungGen      total 132096K, used 132084K [0x00000000f5580000, 0x00000000fe580000, 0x0000000100000000)
  eden space 125440K, 100% used [0x00000000f5580000,0x00000000fd000000,0x00000000fd000000)
  from space 6656K, 99% used [0x00000000fdf00000,0x00000000fe57d040,0x00000000fe580000)
  to   space 10752K, 0% used [0x00000000fd080000,0x00000000fd080000,0x00000000fdb00000)
 ParOldGen       total 77824K, used 8186K [0x00000000e0000000, 0x00000000e4c00000, 0x00000000f5580000)
  object space 77824K, 10% used [0x00000000e0000000,0x00000000e07fe8c8,0x00000000e4c00000)
 Metaspace       used 28998K, capacity 30326K, committed 30720K, reserved 1075200K
  class space    used 4226K, capacity 4509K, committed 4608K, reserved 1048576K
Event: 6.691 GC heap after
Heap after GC invocations=6 (full 1):
 PSYoungGen      total 136704K, used 4236K [0x00000000f5580000, 0x0000000100000000, 0x0000000100000000)
  eden space 125952K, 0% used [0x00000000f5580000,0x00000000f5580000,0x00000000fd080000)
  from space 10752K, 39% used [0x00000000fd080000,0x00000000fd4a32b0,0x00000000fdb00000)
  to   space 11776K, 0% used [0x00000000ff480000,0x00000000ff480000,0x0000000100000000)
 ParOldGen       total 77824K, used 8194K [0x00000000e0000000, 0x00000000e4c00000, 0x00000000f5580000)
  object space 77824K, 10% used [0x00000000e0000000,0x00000000e08008c8,0x00000000e4c00000)
 Metaspace       used 28998K, capacity 30326K, committed 30720K, reserved 1075200K
  class space    used 4226K, capacity 4509K, committed 4608K, reserved 1048576K
}

