# JRE version: Java(TM) SE Runtime Environment (8.0_152-b16) (build 1.8.0_152-b16)
# Java VM: Java HotSpot(TM) 64-Bit Server VM (25.152-b16 mixed mode windows-amd64 compressed oops)
Heap:
 PSYoungGen      total 153088K, used 25871K [0x00000000f5580000, 0x0000000100000000, 0x0000000100000000)
  eden space 131584K, 14% used [0x00000000f5580000,0x00000000f682bec0,0x00000000fd600000)
  from space 21504K, 31% used [0x00000000fd600000,0x00000000fdc980b0,0x00000000feb00000)
  to   space 21504K, 0% used [0x00000000feb00000,0x00000000feb00000,0x0000000100000000)
 ParOldGen       total 210432K, used 29476K [0x00000000e0000000, 0x00000000ecd80000, 0x00000000f5580000)
  object space 210432K, 14% used [0x00000000e0000000,0x00000000e1cc92f0,0x00000000ecd80000)
 Metaspace       used 74534K, capacity 79039K, committed 79360K, reserved 1118208K
  class space    used 10607K, capacity 11412K, committed 11520K, reserved 1048576K
GC Heap History (10 events):
Event: 47.661 GC heap before
{Heap before GC invocations=28 (full 3):
 PSYoungGen      total 150528K, used 145312K [0x00000000f5580000, 0x0000000100000000, 0x0000000100000000)
  eden space 128512K, 100% used [0x00000000f5580000,0x00000000fd300000,0x00000000fd300000)
  from space 22016K, 76% used [0x00000000fea80000,0x00000000ffae81a0,0x0000000100000000)
  to   space 23040K, 0% used [0x00000000fd300000,0x00000000fd300000,0x00000000fe980000)
 ParOldGen       total 210432K, used 19311K [0x00000000e0000000, 0x00000000ecd80000, 0x00000000f5580000)
  object space 210432K, 9% used [0x00000000e0000000,0x00000000e12dbee0,0x00000000ecd80000)
 Metaspace       used 74117K, capacity 78567K, committed 78848K, reserved 1116160K
  class space    used 10599K, capacity 11395K, committed 11520K, reserved 1048576K
Event: 47.667 GC heap after
Heap after GC invocations=28 (full 3):
 PSYoungGen      total 151552K, used 13601K [0x00000000f5580000, 0x00000000fff00000, 0x0000000100000000)
  eden space 128512K, 0% used [0x00000000f5580000,0x00000000f5580000,0x00000000fd300000)
  from space 23040K, 59% used [0x00000000fd300000,0x00000000fe0486a0,0x00000000fe980000)
  to   space 22016K, 0% used [0x00000000fe980000,0x00000000fe980000,0x00000000fff00000)
 ParOldGen       total 210432K, used 22096K [0x00000000e0000000, 0x00000000ecd80000, 0x00000000f5580000)
  object space 210432K, 10% used [0x00000000e0000000,0x00000000e15940d0,0x00000000ecd80000)
 Metaspace       used 74117K, capacity 78567K, committed 78848K, reserved 1116160K
  class space    used 10599K, capacity 11395K, committed 11520K, reserved 1048576K
}
Event: 48.972 GC heap before
{Heap before GC invocations=29 (full 3):
 PSYoungGen      total 151552K, used 142113K [0x00000000f5580000, 0x00000000fff00000, 0x0000000100000000)
  eden space 128512K, 100% used [0x00000000f5580000,0x00000000fd300000,0x00000000fd300000)
  from space 23040K, 59% used [0x00000000fd300000,0x00000000fe0486a0,0x00000000fe980000)
  to   space 22016K, 0% used [0x00000000fe980000,0x00000000fe980000,0x00000000fff00000)
 ParOldGen       total 210432K, used 22096K [0x00000000e0000000, 0x00000000ecd80000, 0x00000000f5580000)
  object space 210432K, 10% used [0x00000000e0000000,0x00000000e15940d0,0x00000000ecd80000)
 Metaspace       used 74249K, capacity 78777K, committed 79104K, reserved 1116160K
  class space    used 10600K, capacity 11397K, committed 11520K, reserved 1048576K
Event: 48.977 GC heap after
Heap after GC invocations=29 (full 3):
 PSYoungGen      total 150528K, used 11056K [0x00000000f5580000, 0x00000000ffe00000, 0x0000000100000000)
  eden space 129536K, 0% used [0x00000000f5580000,0x00000000f5580000,0x00000000fd400000)
  from space 20992K, 52% used [0x00000000fe980000,0x00000000ff44c160,0x00000000ffe00000)
  to   space 21504K, 0% used [0x00000000fd400000,0x00000000fd400000,0x00000000fe900000)
 ParOldGen       total 210432K, used 24740K [0x00000000e0000000, 0x00000000ecd80000, 0x00000000f5580000)
  object space 210432K, 11% used [0x00000000e0000000,0x00000000e1829280,0x00000000ecd80000)
 Metaspace       used 74249K, capacity 78777K, committed 79104K, reserved 1116160K
  class space    used 10600K, capacity 11397K, committed 11520K, reserved 1048576K
}
Event: 51.855 GC heap before
{Heap before GC invocations=30 (full 3):
 PSYoungGen      total 150528K, used 140592K [0x00000000f5580000, 0x00000000ffe00000, 0x0000000100000000)
  eden space 129536K, 100% used [0x00000000f5580000,0x00000000fd400000,0x00000000fd400000)
  from space 20992K, 52% used [0x00000000fe980000,0x00000000ff44c160,0x00000000ffe00000)
  to   space 21504K, 0% used [0x00000000fd400000,0x00000000fd400000,0x00000000fe900000)
 ParOldGen       total 210432K, used 24740K [0x00000000e0000000, 0x00000000ecd80000, 0x00000000f5580000)
  object space 210432K, 11% used [0x00000000e0000000,0x00000000e1829280,0x00000000ecd80000)
 Metaspace       used 74342K, capacity 78789K, committed 79104K, reserved 1116160K
  class space    used 10601K, capacity 11401K, committed 11520K, reserved 1048576K
Event: 51.859 GC heap after
Heap after GC invocations=30 (full 3):
 PSYoungGen      total 151040K, used 8656K [0x00000000f5580000, 0x0000000100000000, 0x0000000100000000)
  eden space 129536K, 0% used [0x00000000f5580000,0x00000000f5580000,0x00000000fd400000)
  from space 21504K, 40% used [0x00000000fd400000,0x00000000fdc74100,0x00000000fe900000)
  to   space 21504K, 0% used [0x00000000feb00000,0x00000000feb00000,0x0000000100000000)
 ParOldGen       total 210432K, used 27465K [0x00000000e0000000, 0x00000000ecd80000, 0x00000000f5580000)
  object space 210432K, 13% used [0x00000000e0000000,0x00000000e1ad2550,0x00000000ecd80000)
 Metaspace       used 74342K, capacity 78789K, committed 79104K, reserved 1116160K
  class space    used 10601K, capacity 11401K, committed 11520K, reserved 1048576K
}
Event: 53.231 GC heap before
{Heap before GC invocations=31 (full 3):
 PSYoungGen      total 151040K, used 138192K [0x00000000f5580000, 0x0000000100000000, 0x0000000100000000)
  eden space 129536K, 100% used [0x00000000f5580000,0x00000000fd400000,0x00000000fd400000)
  from space 21504K, 40% used [0x00000000fd400000,0x00000000fdc74100,0x00000000fe900000)
  to   space 21504K, 0% used [0x00000000feb00000,0x00000000feb00000,0x0000000100000000)
 ParOldGen       total 210432K, used 27465K [0x00000000e0000000, 0x00000000ecd80000, 0x00000000f5580000)
  object space 210432K, 13% used [0x00000000e0000000,0x00000000e1ad2550,0x00000000ecd80000)
 Metaspace       used 74422K, capacity 78923K, committed 79104K, reserved 1116160K
  class space    used 10601K, capacity 11403K, committed 11520K, reserved 1048576K
Event: 53.236 GC heap after
Heap after GC invocations=31 (full 3):
 PSYoungGen      total 153088K, used 7664K [0x00000000f5580000, 0x0000000100000000, 0x0000000100000000)
  eden space 131584K, 0% used [0x00000000f5580000,0x00000000f5580000,0x00000000fd600000)
  from space 21504K, 35% used [0x00000000feb00000,0x00000000ff27c0c0,0x0000000100000000)
  to   space 21504K, 0% used [0x00000000fd600000,0x00000000fd600000,0x00000000feb00000)
 ParOldGen       total 210432K, used 28860K [0x00000000e0000000, 0x00000000ecd80000, 0x00000000f5580000)
  object space 210432K, 13% used [0x00000000e0000000,0x00000000e1c2f3e0,0x00000000ecd80000)
 Metaspace       used 74422K, capacity 78923K, committed 79104K, reserved 1116160K
  class space    used 10601K, capacity 11403K, committed 11520K, reserved 1048576K
}
Event: 54.536 GC heap before
{Heap before GC invocations=32 (full 3):
 PSYoungGen      total 153088K, used 139248K [0x00000000f5580000, 0x0000000100000000, 0x0000000100000000)
  eden space 131584K, 100% used [0x00000000f5580000,0x00000000fd600000,0x00000000fd600000)
  from space 21504K, 35% used [0x00000000feb00000,0x00000000ff27c0c0,0x0000000100000000)
  to   space 21504K, 0% used [0x00000000fd600000,0x00000000fd600000,0x00000000feb00000)
 ParOldGen       total 210432K, used 28860K [0x00000000e0000000, 0x00000000ecd80000, 0x00000000f5580000)
  object space 210432K, 13% used [0x00000000e0000000,0x00000000e1c2f3e0,0x00000000ecd80000)
 Metaspace       used 74534K, capacity 79039K, committed 79360K, reserved 1118208K
  class space    used 10607K, capacity 11412K, committed 11520K, reserved 1048576K
Event: 54.540 GC heap after
Heap after GC invocations=32 (full 3):
 PSYoungGen      total 153088K, used 6752K [0x00000000f5580000, 0x0000000100000000, 0x0000000100000000)
  eden space 131584K, 0% used [0x00000000f5580000,0x00000000f5580000,0x00000000fd600000)
  from space 21504K, 31% used [0x00000000fd600000,0x00000000fdc980b0,0x00000000feb00000)
  to   space 21504K, 0% used [0x00000000feb00000,0x00000000feb00000,0x0000000100000000)
 ParOldGen       total 210432K, used 29476K [0x00000000e0000000, 0x00000000ecd80000, 0x00000000f5580000)
  object space 210432K, 14% used [0x00000000e0000000,0x00000000e1cc92f0,0x00000000ecd80000)
 Metaspace       used 74534K, capacity 79039K, committed 79360K, reserved 1118208K
  class space    used 10607K, capacity 11412K, committed 11520K, reserved 1048576K
}

